<?xml version="1.0" encoding="UTF-8"?>
<!-- Generated by org.testng.reporters.JUnitReportReporter -->
<testsuite hostname="L-6G2SNN2" failures="0" tests="1" name="Tests.LoginPageTests" time="16.663" errors="0" timestamp="15 Jun 2020 17:55:57 GMT" skipped="0">
  <testcase classname="Tests.LoginPageTests" name="login" time="16.663"/>
</testsuite> <!-- Tests.LoginPageTests -->
