<?xml version="1.0" encoding="UTF-8"?>
<!-- Generated by org.testng.reporters.JUnitReportReporter -->
<testsuite hostname="L-6G2SNN2" failures="0" tests="1" name="qa.Tests.LoginPageTests" time="16.701" errors="0" timestamp="15 Jun 2020 17:58:24 GMT" skipped="0">
  <testcase classname="qa.Tests.LoginPageTests" name="login" time="16.701"/>
</testsuite> <!-- qa.Tests.LoginPageTests -->
