<?xml version="1.0" encoding="UTF-8"?>
<!-- Generated by org.testng.reporters.JUnitReportReporter -->
<testsuite hostname="L-6G2SNN2" failures="0" tests="2" name="qa.Tests.LoginPageTests" time="6.926" errors="0" timestamp="01 Jul 2020 09:57:00 GMT" skipped="0">
  <testcase classname="qa.Tests.LoginPageTests" name="loginKCOM" time="2.164"/>
  <testcase classname="qa.Tests.LoginPageTests" name="login" time="4.762"/>
</testsuite> <!-- qa.Tests.LoginPageTests -->
