<?xml version="1.0" encoding="UTF-8"?>
<!-- Generated by org.testng.reporters.JUnitReportReporter -->
<testsuite hostname="L-6G2SNN2" failures="0" tests="2" name="qa.Tests.LoginPageTests" time="17.222" errors="0" timestamp="26 Jun 2020 16:49:52 GMT" skipped="0">
  <testcase classname="qa.Tests.LoginPageTests" name="loginKCOM" time="5.169"/>
  <testcase classname="qa.Tests.LoginPageTests" name="login" time="12.053"/>
</testsuite> <!-- qa.Tests.LoginPageTests -->
